d:\learn\nl-csn\ework\ework\release\vc143.pdb
d:\learn\nl-csn\ework\ework\release\util.obj
d:\learn\nl-csn\ework\ework\release\user.obj
d:\learn\nl-csn\ework\ework\release\project.obj
d:\learn\nl-csn\ework\ework\release\interface.obj
d:\learn\nl-csn\ework\ework\release\imgui_widgets.obj
d:\learn\nl-csn\ework\ework\release\imgui_tables.obj
d:\learn\nl-csn\ework\ework\release\imgui_impl_win32.obj
d:\learn\nl-csn\ework\ework\release\imgui_impl_dx9.obj
d:\learn\nl-csn\ework\ework\release\imgui_draw.obj
d:\learn\nl-csn\ework\ework\release\imgui_demo.obj
d:\learn\nl-csn\ework\ework\release\imgui.obj
d:\learn\nl-csn\ework\ework\release\graph.obj
d:\learn\nl-csn\ework\ework\release\gantt.obj
d:\learn\nl-csn\ework\ework\release\flowgraph.obj
d:\learn\nl-csn\ework\ework\release\ework.obj
d:\learn\nl-csn\ework\ework\release\date.obj
d:\learn\nl-csn\ework\ework\release\ework.pch
d:\learn\nl-csn\ework\ework\release\stdafx.obj
d:\learn\nl-csn\ework\ework\release\ework.res
d:\learn\nl-csn\ework\ework\release\ework.ipdb
d:\learn\nl-csn\ework\ework\release\ework.iobj
d:\learn\nl-csn\ework\release\ework.pdb
d:\learn\nl-csn\ework\release\ework.exe
d:\learn\nl-csn\ework\ework\release\ework.tlog\cl.command.1.tlog
d:\learn\nl-csn\ework\ework\release\ework.tlog\cl.read.1.tlog
d:\learn\nl-csn\ework\ework\release\ework.tlog\cl.write.1.tlog
d:\learn\nl-csn\ework\ework\release\ework.tlog\link.command.1.tlog
d:\learn\nl-csn\ework\ework\release\ework.tlog\link.read.1.tlog
d:\learn\nl-csn\ework\ework\release\ework.tlog\link.write.1.tlog
d:\learn\nl-csn\ework\ework\release\ework.tlog\rc.command.1.tlog
d:\learn\nl-csn\ework\ework\release\ework.tlog\rc.read.1.tlog
d:\learn\nl-csn\ework\ework\release\ework.tlog\rc.write.1.tlog
